2021-12-29 23:49:22,192-DEBUG-Start - Dryer API
2021-12-29 23:49:22,196-DEBUG-DryerAPI - Axes Range is:
2021-12-29 23:49:22,198-DEBUG-Axis X: 0.021474719047546387 Axis Y: 0.00485585629940033 Axis Z: 0.06604183465242386
2021-12-29 23:49:22,199-DEBUG-Start - Dryer Service
2021-12-29 23:49:22,384-DEBUG-STREAM b'IHDR' 16 13
2021-12-29 23:49:22,385-DEBUG-STREAM b'pHYs' 41 9
2021-12-29 23:49:22,387-DEBUG-STREAM b'tIME' 62 7
2021-12-29 23:49:22,388-DEBUG-b'tIME' 62 7 (unknown)
2021-12-29 23:49:22,390-DEBUG-STREAM b'tEXt' 81 25
2021-12-29 23:49:22,391-DEBUG-STREAM b'IDAT' 118 774
2021-12-29 23:49:48,628-DEBUG-End - Dryer Service
2021-12-29 23:49:48,629-DEBUG-End - Dryer API
2021-12-29 23:49:48,637-INFO-192.168.0.67 - - [29/Dec/2021 23:49:48] "POST /DryPi/dryStop HTTP/1.1" 200 -
2021-12-29 23:50:38,699-INFO- * Detected change in '/home/pi/DryerReminder/DryerReminderPi/DryerAPI.py', reloading
2021-12-29 23:50:38,997-INFO- * Restarting with stat
2021-12-29 23:50:40,314-WARNING- * Debugger is active!
2021-12-29 23:50:40,317-INFO- * Debugger PIN: 195-938-992
2021-12-29 23:50:51,694-INFO- * Detected change in '/home/pi/DryerReminder/DryerReminderPi/DryerAPI.py', reloading
2021-12-29 23:50:52,063-INFO- * Restarting with stat
2021-12-29 23:50:53,552-WARNING- * Debugger is active!
2021-12-29 23:50:53,554-INFO- * Debugger PIN: 195-938-992
2021-12-29 23:51:03,135-DEBUG-Start - Adjust API
2021-12-29 23:51:03,141-DEBUG-End - Adjust API
2021-12-29 23:51:03,145-INFO-192.168.0.67 - - [29/Dec/2021 23:51:03] "POST /DryPi/adjust HTTP/1.1" 200 -
2021-12-29 23:51:21,437-DEBUG-Start - Dryer API
2021-12-29 23:51:21,439-DEBUG-DryerAPI - Axes Range is:
2021-12-29 23:51:21,441-DEBUG-Axis X: 0.021474719047546387 Axis Y: 0.00485585629940033 Axis Z: 0.06604183465242386
2021-12-29 23:51:21,442-DEBUG-Start - Dryer Service
2021-12-29 23:51:21,589-DEBUG-STREAM b'IHDR' 16 13
2021-12-29 23:51:21,590-DEBUG-STREAM b'pHYs' 41 9
2021-12-29 23:51:21,591-DEBUG-STREAM b'tIME' 62 7
2021-12-29 23:51:21,592-DEBUG-b'tIME' 62 7 (unknown)
2021-12-29 23:51:21,593-DEBUG-STREAM b'tEXt' 81 25
2021-12-29 23:51:21,594-DEBUG-STREAM b'IDAT' 118 774
2021-12-29 23:51:47,839-DEBUG-End - Dryer Service
2021-12-29 23:51:47,849-DEBUG-End - Dryer API
2021-12-29 23:51:47,853-INFO-192.168.0.67 - - [29/Dec/2021 23:51:47] "POST /DryPi/dryStop HTTP/1.1" 200 -
2021-12-29 23:57:56,157-INFO- * Detected change in '/home/pi/DryerReminder/DryerReminderPi/DryerAPI.py', reloading
2021-12-29 23:57:56,522-INFO- * Restarting with stat
2021-12-29 23:57:58,093-WARNING- * Debugger is active!
2021-12-29 23:57:58,099-INFO- * Debugger PIN: 195-938-992
2021-12-30 00:04:17,897-INFO- * Detected change in '/home/pi/DryerReminder/DryerReminderPi/DryerService.py', reloading
2021-12-30 00:04:18,208-INFO- * Restarting with stat
2021-12-30 00:04:19,626-WARNING- * Debugger is active!
2021-12-30 00:04:19,630-INFO- * Debugger PIN: 195-938-992
2021-12-30 00:04:48,011-DEBUG-Start - Dryer API
2021-12-30 00:04:48,015-DEBUG-DryerAPI - Axes Range is:
2021-12-30 00:04:48,016-DEBUG-Axis X: 0.021474719047546387 Axis Y: 0.00485585629940033 Axis Z: 0.06604183465242386
2021-12-30 00:04:48,018-DEBUG-Start - Dryer Service
2021-12-30 00:04:48,138-DEBUG-STREAM b'IHDR' 16 13
2021-12-30 00:04:48,139-DEBUG-STREAM b'pHYs' 41 9
2021-12-30 00:04:48,140-DEBUG-STREAM b'tIME' 62 7
2021-12-30 00:04:48,141-DEBUG-b'tIME' 62 7 (unknown)
2021-12-30 00:04:48,142-DEBUG-STREAM b'tEXt' 81 25
2021-12-30 00:04:48,144-DEBUG-STREAM b'IDAT' 118 774
2021-12-30 00:05:14,259-DEBUG-End - Dryer Service
2021-12-30 00:05:14,261-DEBUG-End - Dryer API
2021-12-30 00:05:14,266-INFO-192.168.0.67 - - [30/Dec/2021 00:05:14] "POST /DryPi/dryStop HTTP/1.1" 200 -
2021-12-30 00:09:52,352-INFO- * Detected change in '/home/pi/DryerReminder/DryerReminderPi/DryerService.py', reloading
2021-12-30 00:09:52,713-INFO- * Restarting with stat
2021-12-30 00:09:54,735-WARNING- * Debugger is active!
2021-12-30 00:09:54,739-INFO- * Debugger PIN: 195-938-992
2021-12-30 00:10:46,607-INFO- * Detected change in '/home/pi/DryerReminder/DryerReminderPi/DryerService.py', reloading
2021-12-30 00:10:46,936-INFO- * Restarting with stat
2021-12-30 00:10:48,681-WARNING- * Debugger is active!
2021-12-30 00:10:48,684-INFO- * Debugger PIN: 195-938-992
2021-12-30 00:11:35,093-INFO- * Detected change in '/home/pi/DryerReminder/DryerReminderPi/DryerService.py', reloading
2021-12-30 00:11:35,515-INFO- * Restarting with stat
2021-12-30 00:11:37,039-WARNING- * Debugger is active!
2021-12-30 00:11:37,043-INFO- * Debugger PIN: 195-938-992
2021-12-30 00:13:21,786-INFO- * Detected change in '/home/pi/DryerReminder/DryerReminderPi/DryerService.py', reloading
2021-12-30 00:13:22,151-INFO- * Restarting with stat
2021-12-30 00:13:23,743-WARNING- * Debugger is active!
2021-12-30 00:13:23,746-INFO- * Debugger PIN: 195-938-992
2021-12-30 00:14:05,051-INFO- * Detected change in '/home/pi/DryerReminder/DryerReminderPi/DryerAPI.py', reloading
2021-12-30 00:14:05,451-INFO- * Restarting with stat
2021-12-30 00:14:06,906-WARNING- * Debugger is active!
2021-12-30 00:14:06,908-INFO- * Debugger PIN: 195-938-992
2021-12-30 00:14:13,010-DEBUG-Start - Dryer API
2021-12-30 00:14:13,014-DEBUG-DryerAPI - Axes Range is:
2021-12-30 00:14:13,015-DEBUG-Axis X: 0.021474719047546387 Axis Y: 0.00485585629940033 Axis Z: 0.06604183465242386
2021-12-30 00:14:13,017-DEBUG-Start - Dryer Service
2021-12-30 00:14:13,137-DEBUG-STREAM b'IHDR' 16 13
2021-12-30 00:14:13,139-DEBUG-STREAM b'pHYs' 41 9
2021-12-30 00:14:13,140-DEBUG-STREAM b'tIME' 62 7
2021-12-30 00:14:13,141-DEBUG-b'tIME' 62 7 (unknown)
2021-12-30 00:14:13,142-DEBUG-STREAM b'tEXt' 81 25
2021-12-30 00:14:13,143-DEBUG-STREAM b'IDAT' 118 774
2021-12-30 00:14:39,227-DEBUG-End - Dryer Service
2021-12-30 00:14:39,229-DEBUG-End - Dryer API
2021-12-30 00:14:39,234-INFO-192.168.0.67 - - [30/Dec/2021 00:14:39] "POST /DryPi/dryStop HTTP/1.1" 200 -
